TN:
SF:src\index.js
FN:24,(anonymous_0)
FN:52,(anonymous_1)
FN:62,(anonymous_2)
FN:67,(anonymous_3)
FNF:4
FNH:3
FNDA:1,(anonymous_0)
FNDA:1,(anonymous_1)
FNDA:1,(anonymous_2)
FNDA:0,(anonymous_3)
DA:11,1
DA:13,1
DA:16,1
DA:17,1
DA:20,1
DA:21,1
DA:24,1
DA:25,1
DA:26,1
DA:35,1
DA:45,1
DA:47,0
DA:52,1
DA:53,1
DA:54,1
DA:55,1
DA:58,1
DA:61,1
DA:62,1
DA:63,1
DA:67,1
DA:68,0
DA:69,0
DA:70,0
LF:24
LH:20
BRDA:61,0,0,1
BRDA:61,0,1,0
BRF:2
BRH:1
end_of_record
TN:
SF:src\config\db.js
FN:18,(anonymous_0)
FNF:1
FNH:1
FNDA:1,(anonymous_0)
DA:2,1
DA:6,1
DA:9,1
DA:18,1
DA:19,1
DA:20,0
DA:22,1
DA:23,1
LF:8
LH:7
BRDA:19,0,0,0
BRDA:19,0,1,1
BRF:2
BRH:1
end_of_record
TN:
SF:src\config\rabbitmq.js
FN:7,connectRabbitMQ
FN:39,getChannel
FN:44,sendToQueue
FN:58,closeRabbitMQ
FNF:4
FNH:2
FNDA:1,connectRabbitMQ
FNDA:1,getChannel
FNDA:0,sendToQueue
FNDA:0,closeRabbitMQ
DA:3,1
DA:4,1
DA:8,1
DA:9,1
DA:10,1
DA:11,0
DA:14,0
DA:17,0
DA:18,0
DA:21,0
DA:29,0
DA:30,0
DA:32,1
DA:33,1
DA:34,1
DA:40,1
DA:45,0
DA:46,0
DA:47,0
DA:50,0
DA:51,0
DA:54,0
DA:59,0
DA:60,0
LF:24
LH:9
BRDA:9,0,0,1
BRDA:9,0,1,0
BRDA:45,1,0,0
BRDA:45,1,1,0
BRDA:59,2,0,0
BRDA:59,2,1,0
BRDA:60,3,0,0
BRDA:60,3,1,0
BRF:8
BRH:1
end_of_record
TN:
SF:src\middleware\auth.js
FN:4,(anonymous_0)
FN:10,(anonymous_1)
FN:18,(anonymous_2)
FNF:3
FNH:0
FNDA:0,(anonymous_0)
FNDA:0,(anonymous_1)
FNDA:0,(anonymous_2)
DA:4,1
DA:5,0
DA:6,0
DA:8,0
DA:10,0
DA:11,0
DA:12,0
DA:13,0
DA:18,1
DA:19,0
DA:20,0
LF:11
LH:2
BRDA:6,0,0,0
BRDA:6,0,1,0
BRDA:8,1,0,0
BRDA:8,1,1,0
BRDA:11,2,0,0
BRDA:11,2,1,0
BRDA:19,3,0,0
BRDA:19,3,1,0
BRF:8
BRH:0
end_of_record
TN:
SF:src\routes\auth.js
FN:9,(anonymous_0)
FN:26,(anonymous_1)
FNF:2
FNH:2
FNDA:1,(anonymous_0)
FNDA:1,(anonymous_1)
DA:6,1
DA:9,1
DA:10,1
DA:11,1
DA:12,1
DA:14,1
DA:19,1
DA:21,0
DA:26,1
DA:27,1
DA:28,1
DA:29,1
DA:30,1
DA:32,1
DA:33,0
DA:36,1
DA:41,1
DA:43,0
LF:18
LH:15
BRDA:11,0,0,1
BRDA:32,1,0,0
BRDA:32,1,1,1
BRDA:32,2,0,1
BRDA:32,2,1,1
BRF:5
BRH:4
end_of_record
TN:
SF:src\routes\tasks.js
FN:12,(anonymous_0)
FN:22,(anonymous_1)
FN:47,(anonymous_2)
FN:68,(anonymous_3)
FNF:4
FNH:0
FNDA:0,(anonymous_0)
FNDA:0,(anonymous_1)
FNDA:0,(anonymous_2)
FNDA:0,(anonymous_3)
DA:6,1
DA:9,1
DA:12,1
DA:13,0
DA:14,0
DA:15,0
DA:17,0
DA:22,1
DA:23,0
DA:24,0
DA:27,0
DA:33,0
DA:40,0
DA:42,0
DA:47,1
DA:48,0
DA:49,0
DA:50,0
DA:52,0
DA:57,0
DA:58,0
DA:61,0
DA:63,0
DA:68,1
DA:69,0
DA:70,0
DA:71,0
DA:73,0
DA:74,0
DA:77,0
DA:79,0
LF:31
LH:6
BRDA:54,0,0,0
BRDA:54,0,1,0
BRDA:57,1,0,0
BRDA:57,1,1,0
BRDA:73,2,0,0
BRDA:73,2,1,0
BRF:6
BRH:0
end_of_record
TN:
SF:src\workers\taskWorker.js
FN:6,processTask
FN:10,(anonymous_1)
FN:22,getExponentialDelay
FN:31,processWithRetry
FN:46,(anonymous_4)
FN:63,startWorker
FN:73,(anonymous_6)
FNF:7
FNH:1
FNDA:0,processTask
FNDA:0,(anonymous_1)
FNDA:0,getExponentialDelay
FNDA:0,processWithRetry
FNDA:0,(anonymous_4)
FNDA:1,startWorker
FNDA:0,(anonymous_6)
DA:3,1
DA:7,0
DA:10,0
DA:13,0
DA:14,0
DA:17,0
DA:18,0
DA:23,0
DA:24,0
DA:25,0
DA:26,0
DA:27,0
DA:32,0
DA:33,0
DA:35,0
DA:36,0
DA:37,0
DA:39,0
DA:41,0
DA:43,0
DA:44,0
DA:46,0
DA:47,0
DA:53,0
DA:56,0
DA:57,0
DA:64,1
DA:65,1
DA:66,1
DA:67,1
DA:71,0
DA:73,0
DA:74,0
DA:75,0
DA:78,0
LF:35
LH:5
BRDA:13,0,0,0
BRDA:13,0,1,0
BRDA:33,1,0,0
BRDA:33,1,1,0
BRDA:41,2,0,0
BRDA:41,2,1,0
BRDA:65,3,0,1
BRDA:65,3,1,0
BRDA:74,4,0,0
BRDA:74,4,1,0
BRF:10
BRH:1
end_of_record
